<?xml version="1.0" encoding="UTF-8"?>
<!-- Generated by org.testng.reporters.JUnitXMLReporter -->
<testsuite hostname="Dhruba" ignored="0" name="Regression Test" tests="39" failures="2" timestamp="04 Jan 2019 19:30:07 GMT" time="0.184" errors="0">
  <testcase name="demoTest" time="0.006" classname="com.qa.BankOfAmerica.AccountManagement.TestNG.MethodTest"/>
  <testcase name="demoTest1" time="0.002" classname="com.qa.BankOfAmerica.AccountManagement.TestNG.MethodTest"/>
  <testcase name="demoTest2" time="0.002" classname="com.qa.BankOfAmerica.AccountManagement.TestNG.MethodTest"/>
  <testcase name="demoTest3" time="0.001" classname="com.qa.BankOfAmerica.AccountManagement.TestNG.MethodTest"/>
  <testcase name="test" time="0.002" classname="com.qa.BankOfAmerica.AccountManagement.TestNG.MethodTest"/>
  <testcase name="mobileBusinessLoan" time="0.004" classname="com.qa.BankOfAmerica.AccountManagement.TestNG.MobileTest">
    <failure type="java.lang.AssertionError" message="expected [true] but found [false]">
      <![CDATA[java.lang.AssertionError: expected [true] but found [false]
at com.qa.BankOfAmerica.AccountManagement.TestNG.MobileTest.mobileBusinessLoan(MobileTest.java:26)
at java.util.concurrent.FutureTask.run(Unknown Source)
at java.util.concurrent.ThreadPoolExecutor.runWorker(Unknown Source)
at java.util.concurrent.ThreadPoolExecutor$Worker.run(Unknown Source)
at java.lang.Thread.run(Unknown Source)
... Removed 20 stack frames]]>
    </failure>
  </testcase> <!-- mobileBusinessLoan -->
  <testcase name="mobileEducationLoan" time="0.006" classname="com.qa.BankOfAmerica.AccountManagement.TestNG.MobileTest"/>
  <testcase name="mobileAutoLoan" time="0.001" classname="com.qa.BankOfAmerica.AccountManagement.TestNG.MobileTest"/>
  <testcase name="apiAutoLoan" time="0.002" classname="com.qa.BankOfAmerica.AccountManagement.TestNG.ApiTest"/>
  <testcase name="apiBusinessLoan" time="0.001" classname="com.qa.BankOfAmerica.AccountManagement.TestNG.ApiTest"/>
  <testcase name="apiEducationLoan" time="0.001" classname="com.qa.BankOfAmerica.AccountManagement.TestNG.ApiTest"/>
  <testcase name="apiHomeLoan" time="0.002" classname="com.qa.BankOfAmerica.AccountManagement.TestNG.ApiTest"/>
  <testcase name="paraAutoLoan" time="0.002" classname="com.qa.BankOfAmerica.AccountManagement.TestNG.ParameterizationTest"/>
  <testcase name="paraBusinessLoan" time="0.002" classname="com.qa.BankOfAmerica.AccountManagement.TestNG.ParameterizationTest"/>
  <testcase name="paraEducationLoan" time="0.003" classname="com.qa.BankOfAmerica.AccountManagement.TestNG.ParameterizationTest"/>
  <testcase name="paraHomeLoan" time="0.001" classname="com.qa.BankOfAmerica.AccountManagement.TestNG.ParameterizationTest"/>
  <testcase name="dataProviderAutoLoan" time="0.001" classname="com.qa.BankOfAmerica.AccountManagement.TestNG.DataProviderTest"/>
  <testcase name="dataProviderBusinessLoan" time="0.001" classname="com.qa.BankOfAmerica.AccountManagement.TestNG.DataProviderTest"/>
  <testcase name="dataProviderBusinessLoan" time="0.001" classname="com.qa.BankOfAmerica.AccountManagement.TestNG.DataProviderTest"/>
  <testcase name="dataProviderBusinessLoan" time="0.001" classname="com.qa.BankOfAmerica.AccountManagement.TestNG.DataProviderTest"/>
  <testcase name="dataProviderBusinessLoan" time="0.001" classname="com.qa.BankOfAmerica.AccountManagement.TestNG.DataProviderTest"/>
  <testcase name="dataProviderBusinessLoan" time="0.002" classname="com.qa.BankOfAmerica.AccountManagement.TestNG.DataProviderTest"/>
  <testcase name="dataProviderEducationLoan" time="0.001" classname="com.qa.BankOfAmerica.AccountManagement.TestNG.DataProviderTest"/>
  <testcase name="dataProviderEducationLoan" time="0.002" classname="com.qa.BankOfAmerica.AccountManagement.TestNG.DataProviderTest"/>
  <testcase name="dataProviderEducationLoan" time="0.001" classname="com.qa.BankOfAmerica.AccountManagement.TestNG.DataProviderTest"/>
  <testcase name="dataProviderHomeLoan" time="0.003" classname="com.qa.BankOfAmerica.AccountManagement.TestNG.DataProviderTest"/>
  <testcase name="webAutoLoan" time="0.001" classname="com.qa.BankOfAmerica.AccountManagement.TestNG.WebTest"/>
  <testcase name="webBusinessLoan" time="0.002" classname="com.qa.BankOfAmerica.AccountManagement.TestNG.WebTest">
    <failure type="java.lang.AssertionError" message="expected [true] but found [false]">
      <![CDATA[java.lang.AssertionError: expected [true] but found [false]
at com.qa.BankOfAmerica.AccountManagement.TestNG.WebTest.webBusinessLoan(WebTest.java:26)
at java.util.concurrent.FutureTask.run(Unknown Source)
at java.util.concurrent.ThreadPoolExecutor.runWorker(Unknown Source)
at java.util.concurrent.ThreadPoolExecutor$Worker.run(Unknown Source)
at java.lang.Thread.run(Unknown Source)
... Removed 20 stack frames]]>
    </failure>
  </testcase> <!-- webBusinessLoan -->
  <testcase name="webEducationLoan" time="0.008" classname="com.qa.BankOfAmerica.AccountManagement.TestNG.WebTest"/>
  <testcase name="privateAutoLoan" time="0.003" classname="com.qa.BankOfAmerica.AccountManagement.TestNG.PrivateTest"/>
  <testcase name="privateEducationLoan" time="0.001" classname="com.qa.BankOfAmerica.AccountManagement.TestNG.PrivateTest"/>
  <testcase name="webBusinessLoan" time="0.001" classname="com.qa.BankOfAmerica.AccountManagement.TestNG.PrivateTest"/>
  <testcase name="webHomeLoan" time="0.001" classname="com.qa.BankOfAmerica.AccountManagement.TestNG.PrivateTest"/>
  <testcase name="personalAutoLoan" time="0.0" classname="com.qa.BankOfAmerica.AccountManagement.TestNG.PersonalTest"/>
  <testcase name="personalBusinessLoan" time="0.001" classname="com.qa.BankOfAmerica.AccountManagement.TestNG.PersonalTest"/>
  <testcase name="personalEducationLoan" time="0.001" classname="com.qa.BankOfAmerica.AccountManagement.TestNG.PersonalTest"/>
  <testcase name="personalHomeLoan" time="0.001" classname="com.qa.BankOfAmerica.AccountManagement.TestNG.PersonalTest"/>
  <testcase name="mobileHomeLoan" time="0.0" classname="com.qa.BankOfAmerica.AccountManagement.TestNG.MobileTest">
    <skipped/>
  </testcase> <!-- mobileHomeLoan -->
  <testcase name="webHomeLoan" time="0.0" classname="com.qa.BankOfAmerica.AccountManagement.TestNG.WebTest">
    <skipped/>
  </testcase> <!-- webHomeLoan -->
</testsuite> <!-- Regression Test -->
